\BOOKMARK [0][-]{chapter.1}{Einleitung / Motivation}{}% 1
\BOOKMARK [1][-]{section.1.1}{Motivation}{chapter.1}% 2
\BOOKMARK [1][-]{section.1.2}{Aufgabenstellung}{chapter.1}% 3
\BOOKMARK [1][-]{section.1.3}{Aufbau der Arbeit}{chapter.1}% 4
\BOOKMARK [1][-]{section.1.4}{Produkt}{chapter.1}% 5
\BOOKMARK [0][-]{chapter.2}{Forschungsstand und Einordnung}{}% 6
\BOOKMARK [1][-]{section.2.1}{Einleitung}{chapter.2}% 7
\BOOKMARK [1][-]{section.2.2}{SQL-Tutor}{chapter.2}% 8
\BOOKMARK [1][-]{section.2.3}{SQL-Exploratorium}{chapter.2}% 9
\BOOKMARK [2][-]{subsection.2.3.1}{Interactive Examples}{section.2.3}% 10
\BOOKMARK [2][-]{subsection.2.3.2}{SQL Knowledge Tester}{section.2.3}% 11
\BOOKMARK [2][-]{subsection.2.3.3}{Weiteres}{section.2.3}% 12
\BOOKMARK [1][-]{section.2.4}{WIN-RBDI}{chapter.2}% 13
\BOOKMARK [1][-]{section.2.5}{SQLLint}{chapter.2}% 14
\BOOKMARK [2][-]{subsection.2.5.1}{Algorithmus zum Finden von inkonsistenten Bedingungen}{section.2.5}% 15
\BOOKMARK [2][-]{subsection.2.5.2}{Bedingungen ohne Unteranfragen}{section.2.5}% 16
\BOOKMARK [2][-]{subsection.2.5.3}{Unteranfragen}{section.2.5}% 17
\BOOKMARK [2][-]{subsection.2.5.4}{Unn\366tige logische Komplikationen}{section.2.5}% 18
\BOOKMARK [2][-]{subsection.2.5.5}{Laufzeitfehler}{section.2.5}% 19
\BOOKMARK [0][-]{chapter.3}{Theoretische Betrachtungen}{}% 20
\BOOKMARK [1][-]{section.3.1}{Hintergrund}{chapter.3}% 21
\BOOKMARK [1][-]{section.3.2}{Workflow}{chapter.3}% 22
\BOOKMARK [2][-]{subsection.3.2.1}{Standardisierung}{section.3.2}% 23
\BOOKMARK [2][-]{subsection.3.2.2}{Elementare Transformationen}{section.3.2}% 24
\BOOKMARK [2][-]{subsection.3.2.3}{Erwartungen}{section.3.2}% 25
\BOOKMARK [2][-]{subsection.3.2.4}{Preprocessing}{section.3.2}% 26
\BOOKMARK [1][-]{section.3.3}{Standardisierung von SQL-Anfragen}{chapter.3}% 27
\BOOKMARK [2][-]{subsection.3.3.1}{Entfernen von syntaktischen Details}{section.3.3}% 28
\BOOKMARK [2][-]{subsection.3.3.2}{FROM-Teil}{section.3.3}% 29
\BOOKMARK [2][-]{subsection.3.3.3}{WHERE-Teil}{section.3.3}% 30
\BOOKMARK [2][-]{subsection.3.3.4}{Ersetzung von syntaktischen Varianten}{section.3.3}% 31
\BOOKMARK [2][-]{subsection.3.3.5}{Operatorenvielfalt}{section.3.3}% 32
\BOOKMARK [2][-]{subsection.3.3.6}{Sortierung}{section.3.3}% 33
\BOOKMARK [2][-]{subsection.3.3.7}{GROUP BY / HAVING}{section.3.3}% 34
\BOOKMARK [2][-]{subsection.3.3.8}{ORDER BY}{section.3.3}% 35
\BOOKMARK [2][-]{subsection.3.3.9}{Abschluss}{section.3.3}% 36
\BOOKMARK [1][-]{section.3.4}{Weitere Betrachtungen}{chapter.3}% 37
\BOOKMARK [2][-]{subsection.3.4.1}{JOINS}{section.3.4}% 38
\BOOKMARK [1][-]{section.3.5}{Komplexit\344t von SQL-Anfragen}{chapter.3}% 39
\BOOKMARK [2][-]{subsection.3.5.1}{Anzahl atomarer Formeln unter WHERE / Baumtiefe}{section.3.5}% 40
\BOOKMARK [2][-]{subsection.3.5.2}{Anzahl benutzter Tabellen unter FROM}{section.3.5}% 41
\BOOKMARK [2][-]{subsection.3.5.3}{Existenz von Teilen der SQL-Anfrage}{section.3.5}% 42
\BOOKMARK [2][-]{subsection.3.5.4}{Anzahl von JOINs / Unterabfragen}{section.3.5}% 43
\BOOKMARK [2][-]{subsection.3.5.5}{Anzahl der Operatorkompressionen}{section.3.5}% 44
\BOOKMARK [2][-]{subsection.3.5.6}{unn\366tiges DISTINCT}{section.3.5}% 45
\BOOKMARK [2][-]{subsection.3.5.7}{verbale Beschreibung}{section.3.5}% 46
\BOOKMARK [2][-]{subsection.3.5.8}{Algorithmus aus sql1folien}{section.3.5}% 47
\BOOKMARK [1][-]{section.3.6}{Alternativer Ansatz: Elementare Transformationen}{chapter.3}% 48
\BOOKMARK [2][-]{subsection.3.6.1}{Backtracking}{section.3.6}% 49
\BOOKMARK [0][-]{chapter.4}{Anfragen auf externen Datenbanken}{}% 50
\BOOKMARK [0][-]{chapter.5}{Verwendete Software}{}% 51
\BOOKMARK [1][-]{section.5.1}{SQL-Parser}{chapter.5}% 52
\BOOKMARK [2][-]{subsection.5.1.1}{\374ber den SQL-Parser: ZQL}{section.5.1}% 53
\BOOKMARK [2][-]{subsection.5.1.2}{Funktionsweise des Parsers}{section.5.1}% 54
\BOOKMARK [2][-]{subsection.5.1.3}{Grenzen des Parsers}{section.5.1}% 55
\BOOKMARK [1][-]{section.5.2}{Java Server Pages}{chapter.5}% 56
\BOOKMARK [2][-]{subsection.5.2.1}{\334berblick}{section.5.2}% 57
\BOOKMARK [2][-]{subsection.5.2.2}{Einbettung in JSP}{section.5.2}% 58
\BOOKMARK [2][-]{subsection.5.2.3}{Log}{section.5.2}% 59
\BOOKMARK [0][-]{chapter.6}{Praktische Umsetzung}{}% 60
\BOOKMARK [1][-]{section.6.1}{Anforderungen}{chapter.6}% 61
\BOOKMARK [1][-]{section.6.2}{Funktionsumfang}{chapter.6}% 62
\BOOKMARK [0][-]{chapter.7}{Ergebnisse}{}% 63
\BOOKMARK [0][-]{chapter.8}{Ausblick}{}% 64
\BOOKMARK [0][-]{chapter.9}{Anhang}{}% 65
\BOOKMARK [1][-]{section.9.1}{Algorithmus f\374r Backtracking}{chapter.9}% 66
